<?xml version="1.0" encoding="UTF-8"?>
<!-- Generated by org.testng.reporters.JUnitXMLReporter -->
<testsuite ignored="0" hostname="DESKTOP-7NBB53I" failures="0" tests="8" name="Test" time="14.617" errors="0" timestamp="2024-04-05T12:06:10 IST">
  <testcase classname="com.test.automation.tests.base.BaseTest" name="@BeforeMethod setUpBeforeTestMethod" time="14.202">
    <failure type="java.lang.NullPointerException" message="null value in entry: url=null">
      <![CDATA[java.lang.NullPointerException: null value in entry: url=null
at com.google.common.collect.CollectPreconditions.checkEntryNotNull(CollectPreconditions.java:33)
at com.google.common.collect.SingletonImmutableBiMap.<init>(SingletonImmutableBiMap.java:43)
at com.google.common.collect.ImmutableBiMap.of(ImmutableBiMap.java:83)
at com.google.common.collect.ImmutableMap.of(ImmutableMap.java:130)
at org.openqa.selenium.remote.DriverCommand.GET(DriverCommand.java:191)
at org.openqa.selenium.remote.RemoteWebDriver.get(RemoteWebDriver.java:304)
at com.test.automation.tests.base.BaseTest.gotoUrl(BaseTest.java:121)
at com.test.automation.tests.base.BaseTest.setUpBeforeTestMethod(BaseTest.java:62)
at java.base/java.util.ArrayList.forEach(ArrayList.java:1511)
... Removed 31 stack frames]]>
    </failure>
  </testcase> <!-- @BeforeMethod setUpBeforeTestMethod -->
  <testcase classname="com.test.automation.tests.base.BaseTest" name="@AfterMethod tearDownAfterTestMethod" time="0.0">
    <skipped/>
  </testcase> <!-- @AfterMethod tearDownAfterTestMethod -->
  <testcase classname="com.test.automation.tests.base.BaseTest" name="@BeforeMethod setUpBeforeTestMethod" time="0.0">
    <skipped/>
  </testcase> <!-- @BeforeMethod setUpBeforeTestMethod -->
  <testcase classname="com.test.automation.tests.base.BaseTest" name="@AfterMethod tearDownAfterTestMethod" time="0.0">
    <skipped/>
  </testcase> <!-- @AfterMethod tearDownAfterTestMethod -->
  <testcase classname="com.test.automation.tests.base.BaseTest" name="@BeforeMethod setUpBeforeTestMethod" time="0.0">
    <skipped/>
  </testcase> <!-- @BeforeMethod setUpBeforeTestMethod -->
  <testcase classname="com.test.automation.tests.base.BaseTest" name="@AfterMethod tearDownAfterTestMethod" time="0.0">
    <skipped/>
  </testcase> <!-- @AfterMethod tearDownAfterTestMethod -->
  <testcase classname="com.test.automation.tests.base.BaseTest" name="@BeforeMethod setUpBeforeTestMethod" time="0.0">
    <skipped/>
  </testcase> <!-- @BeforeMethod setUpBeforeTestMethod -->
  <testcase classname="com.test.automation.tests.base.BaseTest" name="@AfterMethod tearDownAfterTestMethod" time="0.0">
    <skipped/>
  </testcase> <!-- @AfterMethod tearDownAfterTestMethod -->
  <testcase classname="com.test.automation.tests.base.BaseTest" name="@BeforeMethod setUpBeforeTestMethod" time="0.0">
    <skipped/>
  </testcase> <!-- @BeforeMethod setUpBeforeTestMethod -->
  <testcase classname="com.test.automation.tests.base.BaseTest" name="@AfterMethod tearDownAfterTestMethod" time="0.0">
    <skipped/>
  </testcase> <!-- @AfterMethod tearDownAfterTestMethod -->
  <testcase classname="com.test.automation.tests.base.BaseTest" name="@BeforeMethod setUpBeforeTestMethod" time="0.0">
    <skipped/>
  </testcase> <!-- @BeforeMethod setUpBeforeTestMethod -->
  <testcase classname="com.test.automation.tests.base.BaseTest" name="@AfterMethod tearDownAfterTestMethod" time="0.0">
    <skipped/>
  </testcase> <!-- @AfterMethod tearDownAfterTestMethod -->
  <testcase classname="com.test.automation.tests.base.BaseTest" name="@BeforeMethod setUpBeforeTestMethod" time="0.0">
    <skipped/>
  </testcase> <!-- @BeforeMethod setUpBeforeTestMethod -->
  <testcase classname="com.test.automation.tests.base.BaseTest" name="@AfterMethod tearDownAfterTestMethod" time="0.0">
    <skipped/>
  </testcase> <!-- @AfterMethod tearDownAfterTestMethod -->
  <testcase classname="com.test.automation.tests.base.BaseTest" name="@BeforeMethod setUpBeforeTestMethod" time="0.0">
    <skipped/>
  </testcase> <!-- @BeforeMethod setUpBeforeTestMethod -->
  <testcase classname="com.test.automation.tests.base.BaseTest" name="@AfterMethod tearDownAfterTestMethod" time="0.0">
    <skipped/>
  </testcase> <!-- @AfterMethod tearDownAfterTestMethod -->
  <testcase classname="com.test.automation.tests.scripts.SalesForceContactsAutomation" name="ContactsSaveandNewTC32" time="0.0">
    <skipped/>
  </testcase> <!-- ContactsSaveandNewTC32 -->
  <testcase classname="com.test.automation.tests.scripts.SalesForceContactsAutomation" name="CreateNewViewCancelTC31" time="0.0">
    <skipped/>
  </testcase> <!-- CreateNewViewCancelTC31 -->
  <testcase classname="com.test.automation.tests.scripts.SalesForceContactsAutomation" name="UniqueViewNameErrorTC30" time="0.0">
    <skipped/>
  </testcase> <!-- UniqueViewNameErrorTC30 -->
  <testcase classname="com.test.automation.tests.scripts.SalesForceContactsAutomation" name="ViewRecentContactsTC29" time="0.002">
    <skipped/>
  </testcase> <!-- ViewRecentContactsTC29 -->
  <testcase classname="com.test.automation.tests.scripts.SalesForceContactsAutomation" name="checkCreatedContact" time="0.0">
    <skipped/>
  </testcase> <!-- checkCreatedContact -->
  <testcase classname="com.test.automation.tests.scripts.SalesForceContactsAutomation" name="checkMyContact" time="0.0">
    <skipped/>
  </testcase> <!-- checkMyContact -->
  <testcase classname="com.test.automation.tests.scripts.SalesForceContactsAutomation" name="createNewContact" time="0.001">
    <skipped/>
  </testcase> <!-- createNewContact -->
  <testcase classname="com.test.automation.tests.scripts.SalesForceContactsAutomation" name="createNewViewContact" time="0.0">
    <skipped/>
  </testcase> <!-- createNewViewContact -->
</testsuite> <!-- Test -->
